2023-12-27 09:04:44,737 [Worker-4: Loading available Gradle versions] INFO  o.e.b.c.i.u.g.PublishedGradleVersions - Gradle version information cache is up-to-date. Trying to read.
2023-12-27 09:05:53,661 [Worker-3: Launching mavenrun-d92548b7-077c-41b3-9da2-cc72eba9c59b] INFO  o.eclipse.m2e.core.internal.Bundles - getClasspathEntries(Bundle=org.eclipse.m2e.maven.runtime_3.9.400.20230826-0755 [623])
2023-12-27 09:05:53,667 [Worker-3: Launching mavenrun-d92548b7-077c-41b3-9da2-cc72eba9c59b] INFO  o.eclipse.m2e.core.internal.Bundles - 	Entry: C:\Users\Acer\.p2\pool\plugins\org.eclipse.m2e.maven.runtime_3.9.400.20230826-0755
2023-12-27 09:05:53,668 [Worker-3: Launching mavenrun-d92548b7-077c-41b3-9da2-cc72eba9c59b] INFO  o.eclipse.m2e.core.internal.Bundles - 	Entry: C:\Users\Acer\.p2\pool\plugins\org.eclipse.m2e.maven.runtime_3.9.400.20230826-0755\jars\aether-connector-okhttp-0.17.8.jar
2023-12-27 09:05:53,678 [Worker-3: Launching mavenrun-d92548b7-077c-41b3-9da2-cc72eba9c59b] INFO  o.eclipse.m2e.core.internal.Bundles - 	Entry: C:\Users\Acer\.p2\pool\plugins\org.eclipse.m2e.maven.runtime_3.9.400.20230826-0755\jars\aopalliance-1.0.jar
2023-12-27 09:05:53,693 [Worker-3: Launching mavenrun-d92548b7-077c-41b3-9da2-cc72eba9c59b] INFO  o.eclipse.m2e.core.internal.Bundles - 	Entry: C:\Users\Acer\.p2\pool\plugins\org.eclipse.m2e.maven.runtime_3.9.400.20230826-0755\jars\commons-lang3-3.12.0.jar
2023-12-27 09:05:53,693 [Worker-3: Launching mavenrun-d92548b7-077c-41b3-9da2-cc72eba9c59b] INFO  o.eclipse.m2e.core.internal.Bundles - 	Entry: C:\Users\Acer\.p2\pool\plugins\org.eclipse.m2e.maven.runtime_3.9.400.20230826-0755\jars\guice-5.1.0.jar
2023-12-27 09:05:53,693 [Worker-3: Launching mavenrun-d92548b7-077c-41b3-9da2-cc72eba9c59b] INFO  o.eclipse.m2e.core.internal.Bundles - 	Entry: C:\Users\Acer\.p2\pool\plugins\org.eclipse.m2e.maven.runtime_3.9.400.20230826-0755\jars\jansi-2.4.0.jar
2023-12-27 09:05:53,693 [Worker-3: Launching mavenrun-d92548b7-077c-41b3-9da2-cc72eba9c59b] INFO  o.eclipse.m2e.core.internal.Bundles - 	Entry: C:\Users\Acer\.p2\pool\plugins\org.eclipse.m2e.maven.runtime_3.9.400.20230826-0755\jars\maven-artifact-3.9.4.jar
2023-12-27 09:05:53,694 [Worker-3: Launching mavenrun-d92548b7-077c-41b3-9da2-cc72eba9c59b] INFO  o.eclipse.m2e.core.internal.Bundles - 	Entry: C:\Users\Acer\.p2\pool\plugins\org.eclipse.m2e.maven.runtime_3.9.400.20230826-0755\jars\maven-builder-support-3.9.4.jar
2023-12-27 09:05:53,694 [Worker-3: Launching mavenrun-d92548b7-077c-41b3-9da2-cc72eba9c59b] INFO  o.eclipse.m2e.core.internal.Bundles - 	Entry: C:\Users\Acer\.p2\pool\plugins\org.eclipse.m2e.maven.runtime_3.9.400.20230826-0755\jars\maven-compat-3.9.4.jar
2023-12-27 09:05:53,694 [Worker-3: Launching mavenrun-d92548b7-077c-41b3-9da2-cc72eba9c59b] INFO  o.eclipse.m2e.core.internal.Bundles - 	Entry: C:\Users\Acer\.p2\pool\plugins\org.eclipse.m2e.maven.runtime_3.9.400.20230826-0755\jars\maven-core-3.9.4.jar
2023-12-27 09:05:53,695 [Worker-3: Launching mavenrun-d92548b7-077c-41b3-9da2-cc72eba9c59b] INFO  o.eclipse.m2e.core.internal.Bundles - 	Entry: C:\Users\Acer\.p2\pool\plugins\org.eclipse.m2e.maven.runtime_3.9.400.20230826-0755\jars\maven-embedder-3.9.4.jar
2023-12-27 09:05:53,695 [Worker-3: Launching mavenrun-d92548b7-077c-41b3-9da2-cc72eba9c59b] INFO  o.eclipse.m2e.core.internal.Bundles - 	Entry: C:\Users\Acer\.p2\pool\plugins\org.eclipse.m2e.maven.runtime_3.9.400.20230826-0755\jars\maven-model-3.9.4.jar
2023-12-27 09:05:53,702 [Worker-3: Launching mavenrun-d92548b7-077c-41b3-9da2-cc72eba9c59b] INFO  o.eclipse.m2e.core.internal.Bundles - 	Entry: C:\Users\Acer\.p2\pool\plugins\org.eclipse.m2e.maven.runtime_3.9.400.20230826-0755\jars\maven-model-builder-3.9.4.jar
2023-12-27 09:05:53,702 [Worker-3: Launching mavenrun-d92548b7-077c-41b3-9da2-cc72eba9c59b] INFO  o.eclipse.m2e.core.internal.Bundles - 	Entry: C:\Users\Acer\.p2\pool\plugins\org.eclipse.m2e.maven.runtime_3.9.400.20230826-0755\jars\maven-plugin-api-3.9.4.jar
2023-12-27 09:05:53,703 [Worker-3: Launching mavenrun-d92548b7-077c-41b3-9da2-cc72eba9c59b] INFO  o.eclipse.m2e.core.internal.Bundles - 	Entry: C:\Users\Acer\.p2\pool\plugins\org.eclipse.m2e.maven.runtime_3.9.400.20230826-0755\jars\maven-repository-metadata-3.9.4.jar
2023-12-27 09:05:53,703 [Worker-3: Launching mavenrun-d92548b7-077c-41b3-9da2-cc72eba9c59b] INFO  o.eclipse.m2e.core.internal.Bundles - 	Entry: C:\Users\Acer\.p2\pool\plugins\org.eclipse.m2e.maven.runtime_3.9.400.20230826-0755\jars\maven-resolver-api-1.9.14.jar
2023-12-27 09:05:53,703 [Worker-3: Launching mavenrun-d92548b7-077c-41b3-9da2-cc72eba9c59b] INFO  o.eclipse.m2e.core.internal.Bundles - 	Entry: C:\Users\Acer\.p2\pool\plugins\org.eclipse.m2e.maven.runtime_3.9.400.20230826-0755\jars\maven-resolver-connector-basic-1.9.14.jar
2023-12-27 09:05:53,704 [Worker-3: Launching mavenrun-d92548b7-077c-41b3-9da2-cc72eba9c59b] INFO  o.eclipse.m2e.core.internal.Bundles - 	Entry: C:\Users\Acer\.p2\pool\plugins\org.eclipse.m2e.maven.runtime_3.9.400.20230826-0755\jars\maven-resolver-impl-1.9.14.jar
2023-12-27 09:05:53,704 [Worker-3: Launching mavenrun-d92548b7-077c-41b3-9da2-cc72eba9c59b] INFO  o.eclipse.m2e.core.internal.Bundles - 	Entry: C:\Users\Acer\.p2\pool\plugins\org.eclipse.m2e.maven.runtime_3.9.400.20230826-0755\jars\maven-resolver-named-locks-1.9.14.jar
2023-12-27 09:05:53,704 [Worker-3: Launching mavenrun-d92548b7-077c-41b3-9da2-cc72eba9c59b] INFO  o.eclipse.m2e.core.internal.Bundles - 	Entry: C:\Users\Acer\.p2\pool\plugins\org.eclipse.m2e.maven.runtime_3.9.400.20230826-0755\jars\maven-resolver-provider-3.9.4.jar
2023-12-27 09:05:53,705 [Worker-3: Launching mavenrun-d92548b7-077c-41b3-9da2-cc72eba9c59b] INFO  o.eclipse.m2e.core.internal.Bundles - 	Entry: C:\Users\Acer\.p2\pool\plugins\org.eclipse.m2e.maven.runtime_3.9.400.20230826-0755\jars\maven-resolver-spi-1.9.14.jar
2023-12-27 09:05:53,706 [Worker-3: Launching mavenrun-d92548b7-077c-41b3-9da2-cc72eba9c59b] INFO  o.eclipse.m2e.core.internal.Bundles - 	Entry: C:\Users\Acer\.p2\pool\plugins\org.eclipse.m2e.maven.runtime_3.9.400.20230826-0755\jars\maven-resolver-transport-wagon-1.9.14.jar
2023-12-27 09:05:53,706 [Worker-3: Launching mavenrun-d92548b7-077c-41b3-9da2-cc72eba9c59b] INFO  o.eclipse.m2e.core.internal.Bundles - 	Entry: C:\Users\Acer\.p2\pool\plugins\org.eclipse.m2e.maven.runtime_3.9.400.20230826-0755\jars\maven-resolver-util-1.9.14.jar
2023-12-27 09:05:53,706 [Worker-3: Launching mavenrun-d92548b7-077c-41b3-9da2-cc72eba9c59b] INFO  o.eclipse.m2e.core.internal.Bundles - 	Entry: C:\Users\Acer\.p2\pool\plugins\org.eclipse.m2e.maven.runtime_3.9.400.20230826-0755\jars\maven-settings-3.9.4.jar
2023-12-27 09:05:53,707 [Worker-3: Launching mavenrun-d92548b7-077c-41b3-9da2-cc72eba9c59b] INFO  o.eclipse.m2e.core.internal.Bundles - 	Entry: C:\Users\Acer\.p2\pool\plugins\org.eclipse.m2e.maven.runtime_3.9.400.20230826-0755\jars\maven-settings-builder-3.9.4.jar
2023-12-27 09:05:53,707 [Worker-3: Launching mavenrun-d92548b7-077c-41b3-9da2-cc72eba9c59b] INFO  o.eclipse.m2e.core.internal.Bundles - 	Entry: C:\Users\Acer\.p2\pool\plugins\org.eclipse.m2e.maven.runtime_3.9.400.20230826-0755\jars\maven-shared-utils-3.3.4.jar
2023-12-27 09:05:53,707 [Worker-3: Launching mavenrun-d92548b7-077c-41b3-9da2-cc72eba9c59b] INFO  o.eclipse.m2e.core.internal.Bundles - 	Entry: C:\Users\Acer\.p2\pool\plugins\org.eclipse.m2e.maven.runtime_3.9.400.20230826-0755\jars\okhttp-3.14.1.jar
2023-12-27 09:05:53,707 [Worker-3: Launching mavenrun-d92548b7-077c-41b3-9da2-cc72eba9c59b] INFO  o.eclipse.m2e.core.internal.Bundles - 	Entry: C:\Users\Acer\.p2\pool\plugins\org.eclipse.m2e.maven.runtime_3.9.400.20230826-0755\jars\okio-1.17.3.jar
2023-12-27 09:05:53,708 [Worker-3: Launching mavenrun-d92548b7-077c-41b3-9da2-cc72eba9c59b] INFO  o.eclipse.m2e.core.internal.Bundles - 	Entry: C:\Users\Acer\.p2\pool\plugins\org.eclipse.m2e.maven.runtime_3.9.400.20230826-0755\jars\org.eclipse.sisu.inject-0.3.5.jar
2023-12-27 09:05:53,708 [Worker-3: Launching mavenrun-d92548b7-077c-41b3-9da2-cc72eba9c59b] INFO  o.eclipse.m2e.core.internal.Bundles - 	Entry: C:\Users\Acer\.p2\pool\plugins\org.eclipse.m2e.maven.runtime_3.9.400.20230826-0755\jars\org.eclipse.sisu.plexus-0.3.5.jar
2023-12-27 09:05:53,708 [Worker-3: Launching mavenrun-d92548b7-077c-41b3-9da2-cc72eba9c59b] INFO  o.eclipse.m2e.core.internal.Bundles - 	Entry: C:\Users\Acer\.p2\pool\plugins\org.eclipse.m2e.maven.runtime_3.9.400.20230826-0755\jars\plexus-build-api-0.0.7.jar
2023-12-27 09:05:53,709 [Worker-3: Launching mavenrun-d92548b7-077c-41b3-9da2-cc72eba9c59b] INFO  o.eclipse.m2e.core.internal.Bundles - 	Entry: C:\Users\Acer\.p2\pool\plugins\org.eclipse.m2e.maven.runtime_3.9.400.20230826-0755\jars\plexus-cipher-2.0.jar
2023-12-27 09:05:53,709 [Worker-3: Launching mavenrun-d92548b7-077c-41b3-9da2-cc72eba9c59b] INFO  o.eclipse.m2e.core.internal.Bundles - 	Entry: C:\Users\Acer\.p2\pool\plugins\org.eclipse.m2e.maven.runtime_3.9.400.20230826-0755\jars\plexus-classworlds-2.7.0.jar
2023-12-27 09:05:53,710 [Worker-3: Launching mavenrun-d92548b7-077c-41b3-9da2-cc72eba9c59b] INFO  o.eclipse.m2e.core.internal.Bundles - 	Entry: C:\Users\Acer\.p2\pool\plugins\org.eclipse.m2e.maven.runtime_3.9.400.20230826-0755\jars\plexus-component-annotations-2.1.0.jar
2023-12-27 09:05:53,710 [Worker-3: Launching mavenrun-d92548b7-077c-41b3-9da2-cc72eba9c59b] INFO  o.eclipse.m2e.core.internal.Bundles - 	Entry: C:\Users\Acer\.p2\pool\plugins\org.eclipse.m2e.maven.runtime_3.9.400.20230826-0755\jars\plexus-interpolation-1.26.jar
2023-12-27 09:05:53,712 [Worker-3: Launching mavenrun-d92548b7-077c-41b3-9da2-cc72eba9c59b] INFO  o.eclipse.m2e.core.internal.Bundles - 	Entry: C:\Users\Acer\.p2\pool\plugins\org.eclipse.m2e.maven.runtime_3.9.400.20230826-0755\jars\plexus-sec-dispatcher-2.0.jar
2023-12-27 09:05:53,713 [Worker-3: Launching mavenrun-d92548b7-077c-41b3-9da2-cc72eba9c59b] INFO  o.eclipse.m2e.core.internal.Bundles - 	Entry: C:\Users\Acer\.p2\pool\plugins\org.eclipse.m2e.maven.runtime_3.9.400.20230826-0755\jars\plexus-utils-3.5.1.jar
2023-12-27 09:05:53,714 [Worker-3: Launching mavenrun-d92548b7-077c-41b3-9da2-cc72eba9c59b] INFO  o.eclipse.m2e.core.internal.Bundles - 	Entry: C:\Users\Acer\.p2\pool\plugins\org.eclipse.m2e.maven.runtime_3.9.400.20230826-0755\jars\wagon-file-3.5.3.jar
2023-12-27 09:05:53,714 [Worker-3: Launching mavenrun-d92548b7-077c-41b3-9da2-cc72eba9c59b] INFO  o.eclipse.m2e.core.internal.Bundles - 	Entry: C:\Users\Acer\.p2\pool\plugins\org.eclipse.m2e.maven.runtime_3.9.400.20230826-0755\jars\wagon-provider-api-3.5.3.jar
2023-12-27 09:05:53,717 [Worker-3: Launching mavenrun-d92548b7-077c-41b3-9da2-cc72eba9c59b] INFO  o.eclipse.m2e.core.internal.Bundles - getClasspathEntries(Bundle=com.google.guava_32.1.2.jre [12])
2023-12-27 09:05:53,718 [Worker-3: Launching mavenrun-d92548b7-077c-41b3-9da2-cc72eba9c59b] INFO  o.eclipse.m2e.core.internal.Bundles - 	Entry: C:\Users\Acer\.p2\pool\plugins\com.google.guava_32.1.2.jre.jar
2023-12-27 09:05:53,718 [Worker-3: Launching mavenrun-d92548b7-077c-41b3-9da2-cc72eba9c59b] INFO  o.eclipse.m2e.core.internal.Bundles - getClasspathEntries(Bundle=slf4j.api_2.0.9 [984])
2023-12-27 09:05:53,718 [Worker-3: Launching mavenrun-d92548b7-077c-41b3-9da2-cc72eba9c59b] INFO  o.eclipse.m2e.core.internal.Bundles - 	Entry: C:\Users\Acer\.p2\pool\plugins\slf4j.api_2.0.9.jar
2023-12-27 09:05:53,719 [Worker-3: Launching mavenrun-d92548b7-077c-41b3-9da2-cc72eba9c59b] INFO  o.eclipse.m2e.core.internal.Bundles - getClasspathEntries(Bundle=javax.inject_1.0.0.v20220405-0441 [38])
2023-12-27 09:05:53,719 [Worker-3: Launching mavenrun-d92548b7-077c-41b3-9da2-cc72eba9c59b] INFO  o.eclipse.m2e.core.internal.Bundles - 	Entry: C:\Users\Acer\.p2\pool\plugins\javax.inject_1.0.0.v20220405-0441.jar
2023-12-27 09:05:53,719 [Worker-3: Launching mavenrun-d92548b7-077c-41b3-9da2-cc72eba9c59b] INFO  o.eclipse.m2e.core.internal.Bundles - getClasspathEntries(Bundle=javax.annotation_1.3.5.v20200909-1856 [36])
2023-12-27 09:05:53,720 [Worker-3: Launching mavenrun-d92548b7-077c-41b3-9da2-cc72eba9c59b] INFO  o.eclipse.m2e.core.internal.Bundles - 	Entry: C:\Users\Acer\.p2\pool\plugins\javax.annotation_1.3.5.v20200909-1856.jar
2023-12-27 09:05:53,720 [Worker-3: Launching mavenrun-d92548b7-077c-41b3-9da2-cc72eba9c59b] INFO  o.eclipse.m2e.core.internal.Bundles - getClasspathEntries(Bundle=org.apache.commons.cli_1.5.0 [73])
2023-12-27 09:05:53,721 [Worker-3: Launching mavenrun-d92548b7-077c-41b3-9da2-cc72eba9c59b] INFO  o.eclipse.m2e.core.internal.Bundles - 	Entry: C:\Users\Acer\.p2\pool\plugins\org.apache.commons.cli_1.5.0.jar
2023-12-27 09:05:53,721 [Worker-3: Launching mavenrun-d92548b7-077c-41b3-9da2-cc72eba9c59b] INFO  o.eclipse.m2e.core.internal.Bundles - getClasspathEntries(Bundle=com.google.guava.failureaccess_1.0.1 [14])
2023-12-27 09:05:53,721 [Worker-3: Launching mavenrun-d92548b7-077c-41b3-9da2-cc72eba9c59b] INFO  o.eclipse.m2e.core.internal.Bundles - 	Entry: C:\Users\Acer\.p2\pool\plugins\com.google.guava.failureaccess_1.0.1.jar
2023-12-27 09:05:53,731 [Worker-3: Launching mavenrun-d92548b7-077c-41b3-9da2-cc72eba9c59b] INFO  o.e.m.i.launch.MavenLaunchDelegate - Run build in "C:\Users\Acer\AppData\Local\Temp\m2e-archetypeGenerator11375435128559866342":
2023-12-27 09:05:53,738 [Worker-3: Launching mavenrun-d92548b7-077c-41b3-9da2-cc72eba9c59b] INFO  o.e.m.i.launch.MavenLaunchDelegate -  mvn  -DarchetypeGroupId=org.apache.maven.archetypes -DarchetypeArtifactId=maven-archetype-webapp -DarchetypeVersion=1.0 -DgroupId=mvcPro -DartifactId=mvcProExamPreparation -Dversion=0.0.1-SNAPSHOT -Dpackage=mvcPro.mvcProExamPreparation -DoutputDirectory=D:\javaExamWebBased -Dstyle.color=always -U archetype:generate
2023-12-27 09:06:14,759 [Worker-6: Creating maven-archetype-webapp] INFO  o.e.m.c.i.p.ProjectConfigurationManager - Collecting project info '/pom.xml' D:\javaExamWebBased\mvcProExamPreparation\pom.xml
2023-12-27 09:06:17,830 [Worker-6: Creating maven-archetype-webapp] INFO  o.e.m.c.i.l.LifecycleMappingFactory - Using org.maven.ide.eclipse.wtp.WarLifecycleMapping lifecycle mapping for MavenProject: mvcPro:mvcProExamPreparation:0.0.1-SNAPSHOT @ D:\javaExamWebBased\mvcProExamPreparation\pom.xml.
2023-12-27 09:06:21,164 [Worker-6: Creating maven-archetype-webapp] INFO  o.e.m.j.i.AbstractJavaProjectConfigurator - Adding source folder /mvcProExamPreparation/src/main/java
2023-12-27 09:06:21,165 [Worker-6: Creating maven-archetype-webapp] INFO  o.e.m.j.i.AbstractJavaProjectConfigurator - Adding resource folder /mvcProExamPreparation/src/main/resources
2023-12-27 09:06:21,166 [Worker-6: Creating maven-archetype-webapp] INFO  o.e.m.j.i.AbstractJavaProjectConfigurator - Adding source folder /mvcProExamPreparation/src/test/java
2023-12-27 09:06:21,167 [Worker-6: Creating maven-archetype-webapp] INFO  o.e.m.j.i.AbstractJavaProjectConfigurator - Adding resource folder /mvcProExamPreparation/src/test/resources
2023-12-27 09:06:24,179 [Worker-6: Creating maven-archetype-webapp] INFO  o.e.m.c.i.p.ProjectConfigurationManager - Imported and configured 1 project(s) in 9 sec
2023-12-27 09:06:25,704 [Worker-13: Building] WARN  o.a.m.s.f.DefaultMavenResourcesFiltering - Using platform encoding (Cp1252 actually) to copy filtered resources, i.e. build is platform dependent!
2023-12-27 09:06:25,712 [Worker-13: Building] INFO  o.a.m.s.f.DefaultMavenResourcesFiltering - Copying 0 resource from src\main\resources to target\classes
2023-12-27 09:06:25,718 [Worker-13: Building] WARN  o.a.m.s.f.DefaultMavenResourcesFiltering - Using platform encoding (Cp1252 actually) to copy filtered resources, i.e. build is platform dependent!
2023-12-27 09:06:25,720 [Worker-13: Building] INFO  o.a.m.s.f.DefaultMavenResourcesFiltering - skip non existing resourceDirectory D:\javaExamWebBased\mvcProExamPreparation\src\test\resources
2023-12-27 09:06:55,586 [Worker-12: Updating Maven Dependencies] INFO  o.e.m.c.i.l.LifecycleMappingFactory - Using org.maven.ide.eclipse.wtp.WarLifecycleMapping lifecycle mapping for MavenProject: example.spring.mvc:SpringMvcProject:0.0.1-SNAPSHOT @ C:\Users\Acer\Downloads\Java WEB Project\SpringMvcProject\pom.xml.
2023-12-27 09:06:57,737 [Worker-12: Building] WARN  o.a.m.s.f.DefaultMavenResourcesFiltering - Using platform encoding (Cp1252 actually) to copy filtered resources, i.e. build is platform dependent!
2023-12-27 09:06:57,739 [Worker-12: Building] INFO  o.a.m.s.f.DefaultMavenResourcesFiltering - Copying 0 resource from src\main\resources to target\classes
2023-12-27 09:06:57,747 [Worker-12: Building] WARN  o.a.m.s.f.DefaultMavenResourcesFiltering - Using platform encoding (Cp1252 actually) to copy filtered resources, i.e. build is platform dependent!
2023-12-27 09:06:57,748 [Worker-12: Building] INFO  o.a.m.s.f.DefaultMavenResourcesFiltering - skip non existing resourceDirectory C:\Users\Acer\Downloads\Java WEB Project\SpringMvcProject\src\test\resources
2023-12-27 09:08:36,966 [Worker-2: Building] INFO  o.e.m.c.i.l.LifecycleMappingFactory - Using org.maven.ide.eclipse.wtp.WarLifecycleMapping lifecycle mapping for MavenProject: mvcPro:mvcProExamPreparation:0.0.1-SNAPSHOT @ D:\javaExamWebBased\mvcProExamPreparation\pom.xml.
2023-12-27 09:08:37,220 [Worker-2: Building] WARN  o.a.m.s.f.DefaultMavenResourcesFiltering - Using platform encoding (Cp1252 actually) to copy filtered resources, i.e. build is platform dependent!
2023-12-27 09:08:37,224 [Worker-2: Building] INFO  o.a.m.s.f.DefaultMavenResourcesFiltering - Copying 0 resource from src\main\resources to target\classes
2023-12-27 09:08:37,229 [Worker-2: Building] WARN  o.a.m.s.f.DefaultMavenResourcesFiltering - Using platform encoding (Cp1252 actually) to copy filtered resources, i.e. build is platform dependent!
2023-12-27 09:08:37,230 [Worker-2: Building] INFO  o.a.m.s.f.DefaultMavenResourcesFiltering - skip non existing resourceDirectory D:\javaExamWebBased\mvcProExamPreparation\src\test\resources
2023-12-27 09:08:37,231 [Worker-2: Building] INFO  o.e.m.w.i.f.ResourceFilteringBuildParticipant - Changed resources require a complete clean of filtered resources of mvcProExamPreparation
2023-12-27 09:08:37,233 [Worker-2: Building] INFO  o.e.m.w.i.f.ResourceFilteringBuildParticipant - Executing resource filtering for mvcProExamPreparation
2023-12-27 09:09:26,125 [Worker-9: Updating Maven Project] INFO  o.e.m.c.i.p.ProjectConfigurationManager - Update started
2023-12-27 09:09:26,219 [Worker-9: Updating Maven Project] INFO  o.e.m.c.i.l.LifecycleMappingFactory - Using org.maven.ide.eclipse.wtp.WarLifecycleMapping lifecycle mapping for MavenProject: mvcPro:mvcProExamPreparation:0.0.1-SNAPSHOT @ D:\javaExamWebBased\mvcProExamPreparation\pom.xml.
2023-12-27 09:09:26,412 [Worker-9: Updating Maven Project] INFO  o.e.m.j.i.AbstractJavaProjectConfigurator - Adding source folder /mvcProExamPreparation/src/main/java
2023-12-27 09:09:26,413 [Worker-9: Updating Maven Project] INFO  o.e.m.j.i.AbstractJavaProjectConfigurator - Adding resource folder /mvcProExamPreparation/src/main/resources
2023-12-27 09:09:26,414 [Worker-9: Updating Maven Project] INFO  o.e.m.j.i.AbstractJavaProjectConfigurator - Adding source folder /mvcProExamPreparation/src/test/java
2023-12-27 09:09:26,414 [Worker-9: Updating Maven Project] INFO  o.e.m.j.i.AbstractJavaProjectConfigurator - Adding resource folder /mvcProExamPreparation/src/test/resources
2023-12-27 09:09:27,574 [Worker-9: Updating Maven Project] INFO  o.e.m.w.i.f.ResourceFilteringBuildParticipant - Cleaning filtered folder for mvcProExamPreparation
2023-12-27 09:09:28,116 [Worker-9: Updating Maven Project] INFO  o.e.m.c.i.p.ProjectConfigurationManager - Update completed for 1 poms: local refresh takes 0.00 sec, refresh facades takes 0.00 sec, update config takes 0.00 sec 
2023-12-27 09:09:28,155 [Worker-9: Building Project mvcProExamPreparation] WARN  o.a.m.s.f.DefaultMavenResourcesFiltering - Using platform encoding (Cp1252 actually) to copy filtered resources, i.e. build is platform dependent!
2023-12-27 09:09:28,159 [Worker-9: Building Project mvcProExamPreparation] INFO  o.a.m.s.f.DefaultMavenResourcesFiltering - Copying 0 resource from src\main\resources to target\classes
2023-12-27 09:09:28,163 [Worker-9: Building Project mvcProExamPreparation] WARN  o.a.m.s.f.DefaultMavenResourcesFiltering - Using platform encoding (Cp1252 actually) to copy filtered resources, i.e. build is platform dependent!
2023-12-27 09:09:28,164 [Worker-9: Building Project mvcProExamPreparation] INFO  o.a.m.s.f.DefaultMavenResourcesFiltering - skip non existing resourceDirectory D:\javaExamWebBased\mvcProExamPreparation\src\test\resources
2023-12-27 09:09:28,164 [Worker-9: Building Project mvcProExamPreparation] INFO  o.e.m.w.i.f.ResourceFilteringBuildParticipant - Changed resources require a complete clean of filtered resources of mvcProExamPreparation
2023-12-27 09:09:28,164 [Worker-9: Building Project mvcProExamPreparation] INFO  o.e.m.w.i.f.ResourceFilteringBuildParticipant - Executing resource filtering for mvcProExamPreparation
2023-12-27 09:25:31,095 [Start Help Server] INFO  org.eclipse.jetty.server.Server - jetty-10.0.15; built: 2023-04-11T17:25:14.480Z; git: 68017dbd00236bb7e187330d7585a059610f661d; jvm 17.0.9+9
2023-12-27 09:25:31,145 [Start Help Server] INFO  o.e.j.s.s.DefaultSessionIdManager - Session workerName=node0
2023-12-27 09:25:31,215 [Start Help Server] INFO  o.e.j.server.handler.ContextHandler - Started o.e.j.s.ServletContextHandler@5e18de32{/help,null,AVAILABLE}
2023-12-27 09:25:31,249 [Start Help Server] INFO  o.e.jetty.server.AbstractConnector - Started ServerConnector@63cb3de7{HTTP/1.1, (http/1.1)}{127.0.0.1:61735}
2023-12-27 09:25:31,259 [Start Help Server] INFO  org.eclipse.jetty.server.Server - Started Server@7f3727f8{STARTING}[10.0.15,sto=0] @1263385ms
2023-12-27 09:27:42,367 [Worker-18: Building] WARN  o.a.m.s.f.DefaultMavenResourcesFiltering - Using platform encoding (Cp1252 actually) to copy filtered resources, i.e. build is platform dependent!
2023-12-27 09:27:42,369 [Worker-18: Building] INFO  o.a.m.s.f.DefaultMavenResourcesFiltering - Copying 0 resource from src\main\resources to target\classes
2023-12-27 09:27:42,372 [Worker-18: Building] WARN  o.a.m.s.f.DefaultMavenResourcesFiltering - Using platform encoding (Cp1252 actually) to copy filtered resources, i.e. build is platform dependent!
2023-12-27 09:27:42,373 [Worker-18: Building] INFO  o.a.m.s.f.DefaultMavenResourcesFiltering - skip non existing resourceDirectory D:\javaExamWebBased\mvcProExamPreparation\src\test\resources
2023-12-27 09:28:12,188 [Worker-4: Building] WARN  o.a.m.s.f.DefaultMavenResourcesFiltering - Using platform encoding (Cp1252 actually) to copy filtered resources, i.e. build is platform dependent!
2023-12-27 09:28:12,189 [Worker-4: Building] INFO  o.a.m.s.f.DefaultMavenResourcesFiltering - Copying 0 resource from src\main\resources to target\classes
2023-12-27 09:28:12,193 [Worker-4: Building] WARN  o.a.m.s.f.DefaultMavenResourcesFiltering - Using platform encoding (Cp1252 actually) to copy filtered resources, i.e. build is platform dependent!
2023-12-27 09:28:12,193 [Worker-4: Building] INFO  o.a.m.s.f.DefaultMavenResourcesFiltering - skip non existing resourceDirectory D:\javaExamWebBased\mvcProExamPreparation\src\test\resources
2023-12-27 09:28:30,721 [Worker-4: Building] WARN  o.a.m.s.f.DefaultMavenResourcesFiltering - Using platform encoding (Cp1252 actually) to copy filtered resources, i.e. build is platform dependent!
2023-12-27 09:28:30,722 [Worker-4: Building] INFO  o.a.m.s.f.DefaultMavenResourcesFiltering - Copying 0 resource from src\main\resources to target\classes
2023-12-27 09:28:30,725 [Worker-4: Building] WARN  o.a.m.s.f.DefaultMavenResourcesFiltering - Using platform encoding (Cp1252 actually) to copy filtered resources, i.e. build is platform dependent!
2023-12-27 09:28:30,726 [Worker-4: Building] INFO  o.a.m.s.f.DefaultMavenResourcesFiltering - skip non existing resourceDirectory D:\javaExamWebBased\mvcProExamPreparation\src\test\resources
2023-12-27 09:30:19,109 [Worker-4: Building] WARN  o.a.m.s.f.DefaultMavenResourcesFiltering - Using platform encoding (Cp1252 actually) to copy filtered resources, i.e. build is platform dependent!
2023-12-27 09:30:19,111 [Worker-4: Building] INFO  o.a.m.s.f.DefaultMavenResourcesFiltering - Copying 0 resource from src\main\resources to target\classes
2023-12-27 09:30:19,115 [Worker-4: Building] WARN  o.a.m.s.f.DefaultMavenResourcesFiltering - Using platform encoding (Cp1252 actually) to copy filtered resources, i.e. build is platform dependent!
2023-12-27 09:30:19,117 [Worker-4: Building] INFO  o.a.m.s.f.DefaultMavenResourcesFiltering - Copying 0 resource from src\test\resources to target\test-classes
2023-12-27 09:33:04,667 [Worker-21: Building] WARN  o.a.m.s.f.DefaultMavenResourcesFiltering - Using platform encoding (Cp1252 actually) to copy filtered resources, i.e. build is platform dependent!
2023-12-27 09:33:04,922 [Worker-21: Building] INFO  o.a.m.s.f.DefaultMavenResourcesFiltering - Copying 0 resource from src\main\resources to target\classes
2023-12-27 09:33:04,927 [Worker-21: Building] WARN  o.a.m.s.f.DefaultMavenResourcesFiltering - Using platform encoding (Cp1252 actually) to copy filtered resources, i.e. build is platform dependent!
2023-12-27 09:33:04,938 [Worker-21: Building] INFO  o.a.m.s.f.DefaultMavenResourcesFiltering - Copying 0 resource from src\test\resources to target\test-classes
2023-12-27 09:33:36,103 [Worker-23: Building] WARN  o.a.m.s.f.DefaultMavenResourcesFiltering - Using platform encoding (Cp1252 actually) to copy filtered resources, i.e. build is platform dependent!
2023-12-27 09:33:36,104 [Worker-23: Building] INFO  o.a.m.s.f.DefaultMavenResourcesFiltering - Copying 0 resource from src\main\resources to target\classes
2023-12-27 09:33:36,107 [Worker-23: Building] WARN  o.a.m.s.f.DefaultMavenResourcesFiltering - Using platform encoding (Cp1252 actually) to copy filtered resources, i.e. build is platform dependent!
2023-12-27 09:33:36,109 [Worker-23: Building] INFO  o.a.m.s.f.DefaultMavenResourcesFiltering - Copying 0 resource from src\test\resources to target\test-classes
2023-12-27 09:35:18,789 [Worker-18: Building] WARN  o.a.m.s.f.DefaultMavenResourcesFiltering - Using platform encoding (Cp1252 actually) to copy filtered resources, i.e. build is platform dependent!
2023-12-27 09:35:18,791 [Worker-18: Building] INFO  o.a.m.s.f.DefaultMavenResourcesFiltering - Copying 0 resource from src\main\resources to target\classes
2023-12-27 09:35:18,794 [Worker-18: Building] WARN  o.a.m.s.f.DefaultMavenResourcesFiltering - Using platform encoding (Cp1252 actually) to copy filtered resources, i.e. build is platform dependent!
2023-12-27 09:35:18,795 [Worker-18: Building] INFO  o.a.m.s.f.DefaultMavenResourcesFiltering - Copying 0 resource from src\test\resources to target\test-classes
2023-12-27 09:39:09,205 [Worker-24: Building] WARN  o.a.m.s.f.DefaultMavenResourcesFiltering - Using platform encoding (Cp1252 actually) to copy filtered resources, i.e. build is platform dependent!
2023-12-27 09:39:09,209 [Worker-24: Building] INFO  o.a.m.s.f.DefaultMavenResourcesFiltering - Copying 0 resource from src\main\resources to target\classes
2023-12-27 09:39:09,213 [Worker-24: Building] WARN  o.a.m.s.f.DefaultMavenResourcesFiltering - Using platform encoding (Cp1252 actually) to copy filtered resources, i.e. build is platform dependent!
2023-12-27 09:39:09,215 [Worker-24: Building] INFO  o.a.m.s.f.DefaultMavenResourcesFiltering - Copying 0 resource from src\test\resources to target\test-classes
2023-12-27 09:42:10,797 [Worker-21: Building] WARN  o.a.m.s.f.DefaultMavenResourcesFiltering - Using platform encoding (Cp1252 actually) to copy filtered resources, i.e. build is platform dependent!
2023-12-27 09:42:10,799 [Worker-21: Building] INFO  o.a.m.s.f.DefaultMavenResourcesFiltering - Copying 0 resource from src\main\resources to target\classes
2023-12-27 09:42:10,804 [Worker-21: Building] WARN  o.a.m.s.f.DefaultMavenResourcesFiltering - Using platform encoding (Cp1252 actually) to copy filtered resources, i.e. build is platform dependent!
2023-12-27 09:42:10,805 [Worker-21: Building] INFO  o.a.m.s.f.DefaultMavenResourcesFiltering - Copying 0 resource from src\test\resources to target\test-classes
2023-12-27 09:44:07,566 [Worker-27: Building] WARN  o.a.m.s.f.DefaultMavenResourcesFiltering - Using platform encoding (Cp1252 actually) to copy filtered resources, i.e. build is platform dependent!
2023-12-27 09:44:07,567 [Worker-27: Building] INFO  o.a.m.s.f.DefaultMavenResourcesFiltering - Copying 0 resource from src\main\resources to target\classes
2023-12-27 09:44:07,574 [Worker-27: Building] WARN  o.a.m.s.f.DefaultMavenResourcesFiltering - Using platform encoding (Cp1252 actually) to copy filtered resources, i.e. build is platform dependent!
2023-12-27 09:44:07,577 [Worker-27: Building] INFO  o.a.m.s.f.DefaultMavenResourcesFiltering - Copying 0 resource from src\test\resources to target\test-classes
2023-12-27 09:52:30,528 [Worker-26: Building Workspace] WARN  o.a.m.s.f.DefaultMavenResourcesFiltering - Using platform encoding (Cp1252 actually) to copy filtered resources, i.e. build is platform dependent!
2023-12-27 09:52:30,529 [Worker-26: Building Workspace] INFO  o.a.m.s.f.DefaultMavenResourcesFiltering - Copying 0 resource from src\main\resources to target\classes
2023-12-27 09:52:30,533 [Worker-26: Building Workspace] WARN  o.a.m.s.f.DefaultMavenResourcesFiltering - Using platform encoding (Cp1252 actually) to copy filtered resources, i.e. build is platform dependent!
2023-12-27 09:52:30,534 [Worker-26: Building Workspace] INFO  o.a.m.s.f.DefaultMavenResourcesFiltering - Copying 0 resource from src\test\resources to target\test-classes
2023-12-27 09:53:03,736 [Worker-32: Building] WARN  o.a.m.s.f.DefaultMavenResourcesFiltering - Using platform encoding (Cp1252 actually) to copy filtered resources, i.e. build is platform dependent!
2023-12-27 09:53:03,737 [Worker-32: Building] INFO  o.a.m.s.f.DefaultMavenResourcesFiltering - Copying 0 resource from src\main\resources to target\classes
2023-12-27 09:53:03,741 [Worker-32: Building] WARN  o.a.m.s.f.DefaultMavenResourcesFiltering - Using platform encoding (Cp1252 actually) to copy filtered resources, i.e. build is platform dependent!
2023-12-27 09:53:03,742 [Worker-32: Building] INFO  o.a.m.s.f.DefaultMavenResourcesFiltering - Copying 0 resource from src\test\resources to target\test-classes
2023-12-27 09:53:28,752 [Worker-32: Building] WARN  o.a.m.s.f.DefaultMavenResourcesFiltering - Using platform encoding (Cp1252 actually) to copy filtered resources, i.e. build is platform dependent!
2023-12-27 09:53:28,753 [Worker-32: Building] INFO  o.a.m.s.f.DefaultMavenResourcesFiltering - Copying 0 resource from src\main\resources to target\classes
2023-12-27 09:53:28,756 [Worker-32: Building] WARN  o.a.m.s.f.DefaultMavenResourcesFiltering - Using platform encoding (Cp1252 actually) to copy filtered resources, i.e. build is platform dependent!
2023-12-27 09:53:28,757 [Worker-32: Building] INFO  o.a.m.s.f.DefaultMavenResourcesFiltering - Copying 0 resource from src\test\resources to target\test-classes
2023-12-27 09:53:47,400 [Worker-29: Building] WARN  o.a.m.s.f.DefaultMavenResourcesFiltering - Using platform encoding (Cp1252 actually) to copy filtered resources, i.e. build is platform dependent!
2023-12-27 09:53:47,402 [Worker-29: Building] INFO  o.a.m.s.f.DefaultMavenResourcesFiltering - Copying 0 resource from src\main\resources to target\classes
2023-12-27 09:53:47,404 [Worker-29: Building] WARN  o.a.m.s.f.DefaultMavenResourcesFiltering - Using platform encoding (Cp1252 actually) to copy filtered resources, i.e. build is platform dependent!
2023-12-27 09:53:47,405 [Worker-29: Building] INFO  o.a.m.s.f.DefaultMavenResourcesFiltering - Copying 0 resource from src\test\resources to target\test-classes
2023-12-27 09:55:27,264 [Worker-33: Building] WARN  o.a.m.s.f.DefaultMavenResourcesFiltering - Using platform encoding (Cp1252 actually) to copy filtered resources, i.e. build is platform dependent!
2023-12-27 09:55:27,266 [Worker-33: Building] INFO  o.a.m.s.f.DefaultMavenResourcesFiltering - Copying 0 resource from src\main\resources to target\classes
2023-12-27 09:55:27,270 [Worker-33: Building] WARN  o.a.m.s.f.DefaultMavenResourcesFiltering - Using platform encoding (Cp1252 actually) to copy filtered resources, i.e. build is platform dependent!
2023-12-27 09:55:27,271 [Worker-33: Building] INFO  o.a.m.s.f.DefaultMavenResourcesFiltering - Copying 0 resource from src\test\resources to target\test-classes
2023-12-27 09:55:55,681 [Worker-35: Building] WARN  o.a.m.s.f.DefaultMavenResourcesFiltering - Using platform encoding (Cp1252 actually) to copy filtered resources, i.e. build is platform dependent!
2023-12-27 09:55:55,683 [Worker-35: Building] INFO  o.a.m.s.f.DefaultMavenResourcesFiltering - Copying 0 resource from src\main\resources to target\classes
2023-12-27 09:55:55,686 [Worker-35: Building] WARN  o.a.m.s.f.DefaultMavenResourcesFiltering - Using platform encoding (Cp1252 actually) to copy filtered resources, i.e. build is platform dependent!
2023-12-27 09:55:55,687 [Worker-35: Building] INFO  o.a.m.s.f.DefaultMavenResourcesFiltering - Copying 0 resource from src\test\resources to target\test-classes
2023-12-27 09:58:39,095 [Worker-26: Building] WARN  o.a.m.s.f.DefaultMavenResourcesFiltering - Using platform encoding (Cp1252 actually) to copy filtered resources, i.e. build is platform dependent!
2023-12-27 09:58:39,096 [Worker-26: Building] INFO  o.a.m.s.f.DefaultMavenResourcesFiltering - Copying 0 resource from src\main\resources to target\classes
2023-12-27 09:58:39,099 [Worker-26: Building] WARN  o.a.m.s.f.DefaultMavenResourcesFiltering - Using platform encoding (Cp1252 actually) to copy filtered resources, i.e. build is platform dependent!
2023-12-27 09:58:39,100 [Worker-26: Building] INFO  o.a.m.s.f.DefaultMavenResourcesFiltering - Copying 0 resource from src\test\resources to target\test-classes
2023-12-27 10:07:44,506 [Worker-40: Building] WARN  o.a.m.s.f.DefaultMavenResourcesFiltering - Using platform encoding (Cp1252 actually) to copy filtered resources, i.e. build is platform dependent!
2023-12-27 10:07:44,507 [Worker-40: Building] INFO  o.a.m.s.f.DefaultMavenResourcesFiltering - Copying 0 resource from src\main\resources to target\classes
2023-12-27 10:07:44,510 [Worker-40: Building] WARN  o.a.m.s.f.DefaultMavenResourcesFiltering - Using platform encoding (Cp1252 actually) to copy filtered resources, i.e. build is platform dependent!
2023-12-27 10:07:44,511 [Worker-40: Building] INFO  o.a.m.s.f.DefaultMavenResourcesFiltering - Copying 0 resource from src\test\resources to target\test-classes
